[NotebookApp | WARNING] No nbgrader_config.py file found (rerun with --debug to see where nbgrader is looking)
[NotebookApp | INFO] Loading the validate_assignment nbgrader serverextension
[NotebookApp | INFO] Serving notebooks from local directory: /Users/liujunjie/JupyterSite
[NotebookApp | INFO] 0 active kernels
[NotebookApp | INFO] The Jupyter Notebook is running at:
[NotebookApp | INFO] http://localhost:8888/?token=f1cf9248979277600c251d5099233089c1bfa9599ecb63c6
[NotebookApp | INFO] Use Control-C to stop this server and shut down all kernels (twice to skip confirmation).
[NotebookApp | CRITICAL] 
    
    Copy/paste this URL into your browser when you connect for the first time,
    to login with a token:
        http://localhost:8888/?token=f1cf9248979277600c251d5099233089c1bfa9599ecb63c6&token=f1cf9248979277600c251d5099233089c1bfa9599ecb63c6
[NotebookApp | INFO] Accepting one-time-token-authenticated connection from ::1
[NotebookApp | WARNING] Notebook Notebooks/Index.ipynb is not trusted
[NotebookApp | INFO] Kernel started: 574f31f8-866f-4411-a5e4-e5d9e18ee233
[NotebookApp | INFO] Adapting to protocol v5.1 for kernel 574f31f8-866f-4411-a5e4-e5d9e18ee233
[NotebookApp | INFO] Saving file at /Notebooks/Index.ipynb
[NotebookApp | INFO] Saving file at /Notebooks/Index.ipynb
[NotebookApp | INFO] Saving file at /Notebooks/Index.ipynb
[NotebookApp | INFO] Saving file at /Notebooks/Index.ipynb
[NotebookApp | INFO] interrupted
[NotebookApp | CRITICAL] Shutdown confirmed
[NotebookApp | INFO] Shutting down 1 kernel
[NotebookApp | INFO] Kernel shutdown: 574f31f8-866f-4411-a5e4-e5d9e18ee233
